Arguments: 
  /usr/local/bin/node /usr/local/Cellar/yarn/1.5.1_1/libexec/bin/yarn.js start

PATH: 
  /usr/local/bin:/usr/local/bin:/usr/bin:/bin:/usr/sbin:/sbin

Yarn version: 
  1.5.1

Node version: 
  8.9.4

Platform: 
  darwin x64

npm manifest: 
  {
    "name": "Annika",
    "version": "1.0.0",
    "main": "src/index.js",
    "repository": "https://github.com/dartmouth-cs52-18S/starterpack-annikakouhia.git",
    "author": "Annika Kouhia <annika.j.kouhia.20@dartmouth.edu>",
    "license": "MIT"
    "scripts": { "start": "node src/index.js" }
  }

yarn manifest: 
  No manifest

Lockfile: 
  No lockfile

Trace: 
  SyntaxError: /Users/AnnikaKouhia/Documents/SA3/package.json: Unexpected string in JSON at position 241
      at JSON.parse (<anonymous>)
      at /usr/local/Cellar/yarn/1.5.1_1/libexec/lib/cli.js:1036:59
      at Generator.next (<anonymous>)
      at step (/usr/local/Cellar/yarn/1.5.1_1/libexec/lib/cli.js:98:30)
      at /usr/local/Cellar/yarn/1.5.1_1/libexec/lib/cli.js:109:13
      at <anonymous>
